C:\AADSP2_PROJEKAT\MODELS\MODEL2\DEBUG\MODEL2.EXE
C:\AADSP2_PROJEKAT\MODELS\MODEL2\DEBUG\MODEL2.ILK
C:\AADSP2_PROJEKAT\MODELS\MODEL2\DEBUG\MODEL2.PDB
C:\AADSP2_PROJEKAT\MODELS\MODEL2\MODEL2\DEBUG\FIXED_POINT_MATH.OBJ
C:\AADSP2_PROJEKAT\MODELS\MODEL2\MODEL2\DEBUG\MAIN.OBJ
C:\AADSP2_PROJEKAT\MODELS\MODEL2\MODEL2\DEBUG\MODEL2.EXE.EMBED.MANIFEST
C:\AADSP2_PROJEKAT\MODELS\MODEL2\MODEL2\DEBUG\MODEL2.EXE.EMBED.MANIFEST.RES
C:\AADSP2_PROJEKAT\MODELS\MODEL2\MODEL2\DEBUG\MODEL2.EXE.INTERMEDIATE.MANIFEST
C:\AADSP2_PROJEKAT\MODELS\MODEL2\MODEL2\DEBUG\STDFIX_EMU.OBJ
C:\AADSP2_PROJEKAT\MODELS\MODEL2\MODEL2\DEBUG\VC100.PDB
C:\AADSP2_PROJEKAT\MODELS\MODEL2\MODEL2\DEBUG\WAVHEADER.OBJ
C:\TESTING\AADSP2_PROJEKAT\MODELS\MODEL2\DEBUG\MODEL2.EXE
C:\TESTING\AADSP2_PROJEKAT\MODELS\MODEL2\DEBUG\MODEL2.ILK
C:\TESTING\AADSP2_PROJEKAT\MODELS\MODEL2\DEBUG\MODEL2.PDB
C:\testing\aadsp2_projekat\Models\model2\model2\Debug\cl.command.1.tlog
C:\testing\aadsp2_projekat\Models\model2\model2\Debug\CL.read.1.tlog
C:\testing\aadsp2_projekat\Models\model2\model2\Debug\CL.write.1.tlog
C:\TESTING\AADSP2_PROJEKAT\MODELS\MODEL2\MODEL2\DEBUG\FIXED_POINT_MATH.OBJ
C:\testing\aadsp2_projekat\Models\model2\model2\Debug\link.5112.read.1.tlog
C:\testing\aadsp2_projekat\Models\model2\model2\Debug\link.5112.write.1.tlog
C:\testing\aadsp2_projekat\Models\model2\model2\Debug\link.5112-cvtres.read.1.tlog
C:\testing\aadsp2_projekat\Models\model2\model2\Debug\link.5112-cvtres.write.1.tlog
C:\testing\aadsp2_projekat\Models\model2\model2\Debug\link.command.1.tlog
C:\testing\aadsp2_projekat\Models\model2\model2\Debug\link.read.1.tlog
C:\testing\aadsp2_projekat\Models\model2\model2\Debug\link.write.1.tlog
C:\testing\aadsp2_projekat\Models\model2\model2\Debug\link-cvtres.read.1.tlog
C:\testing\aadsp2_projekat\Models\model2\model2\Debug\link-cvtres.write.1.tlog
C:\TESTING\AADSP2_PROJEKAT\MODELS\MODEL2\MODEL2\DEBUG\MAIN.OBJ
C:\testing\aadsp2_projekat\Models\model2\model2\Debug\model2.exe.embed.manifest
C:\TESTING\AADSP2_PROJEKAT\MODELS\MODEL2\MODEL2\DEBUG\MODEL2.EXE.EMBED.MANIFEST.RES
C:\TESTING\AADSP2_PROJEKAT\MODELS\MODEL2\MODEL2\DEBUG\MODEL2.EXE.INTERMEDIATE.MANIFEST
C:\testing\aadsp2_projekat\Models\model2\model2\Debug\model2.vcxprojResolveAssemblyReference.cache
C:\testing\aadsp2_projekat\Models\model2\model2\Debug\model2.write.1.tlog
C:\testing\aadsp2_projekat\Models\model2\model2\Debug\model2_manifest.rc
C:\testing\aadsp2_projekat\Models\model2\model2\Debug\mt.command.1.tlog
C:\testing\aadsp2_projekat\Models\model2\model2\Debug\mt.read.1.tlog
C:\testing\aadsp2_projekat\Models\model2\model2\Debug\mt.write.1.tlog
C:\testing\aadsp2_projekat\Models\model2\model2\Debug\rc.command.1.tlog
C:\testing\aadsp2_projekat\Models\model2\model2\Debug\rc.read.1.tlog
C:\testing\aadsp2_projekat\Models\model2\model2\Debug\rc.write.1.tlog
C:\TESTING\AADSP2_PROJEKAT\MODELS\MODEL2\MODEL2\DEBUG\STDFIX_EMU.OBJ
C:\testing\aadsp2_projekat\Models\model2\model2\Debug\vc100.idb
C:\TESTING\AADSP2_PROJEKAT\MODELS\MODEL2\MODEL2\DEBUG\VC100.PDB
C:\TESTING\AADSP2_PROJEKAT\MODELS\MODEL2\MODEL2\DEBUG\WAVHEADER.OBJ
