============= BUILDING STARTED ============
  Project: model3
===========================================
Compiling .c files...
   [delete] Deleting: C:\testing\aadsp2_projekat\Models\SULDWavTemplate\output\standalone\src\main.O
   [delete] Deleting: C:\testing\aadsp2_projekat\Models\SULDWavTemplate\output\standalone\src\main.s
C:/testing/aadsp2_projekat/Models/SULDWavTemplate/src/main.c
C:/CirrusDSP/bin/ccc2 C:/testing/aadsp2_projekat/Models/SULDWavTemplate/src/main.c
 -S
 -ruf
 -fcse
 -fprc
 -fcompact
 -funsafe-loop-optimizations
 -edi
 -emit-hints
 -ira
 -fconst-pool=X
 -fno0init
 -femit-asm-struct
 -cdl
 -D_TOOLS_VERSION_=0x0701
 -D_SLOT_=0
 -D_OVLY_=standalone
 -D_OVLY_REVISION_=020000
 -D_VERSION_=00
 -D_DSP_=a
 -D_COMMON_INC_PATH_=C:/CirrusDSP/crystal32/common/inc/
 -D_TARGET_FAMILY_=crystal32
 -D_MUI_VERSION_=020000
 -IC:/CirrusDSP/include/
 -IC:/CirrusDSP/include/dsplib/
 -IC:/testing/aadsp2_projekat/Models/SULDWavTemplate/inc/
 -oC:/testing/aadsp2_projekat/Models/SULDWavTemplate/output/standalone/src/main.s
 -D_LOCAL_SRC_PATH_=src/
 -D_LOCAL_INC_PATH_=inc/
 -D_ROUTER_INC_PATH_=rom_inc/
     [exec] "C:/CirrusDSP/include/stdio.h", line 8: warning #1108: #warning directive: Functionality of stdio.h header file is not fully supported
     [exec]   #warning Functionality of stdio.h header file is not fully supported
     [exec]    ^
     [exec] 
     [exec] "C:/CirrusDSP/include/string.h", line 8: warning #1108: #warning directive: Functionality of string.h header file is not fully supported
     [exec]   #warning Functionality of string.h header file is not fully supported
     [exec]    ^
     [exec] 
     [exec] "C:/CirrusDSP/include/string.h", line 13: warning #303: typedef name has already been declared (with same type)
     [exec]   typedef unsigned int size_t;
     [exec]                        ^
     [exec] 
     [exec] "C:/testing/aadsp2_projekat/Models/SULDWavTemplate/src/main.c", line 35: warning #4007: Pointer to unspecified memory zone.
     [exec] 
     [exec] "C:/testing/aadsp2_projekat/Models/SULDWavTemplate/src/main.c", line 37: warning #4007: Pointer to unspecified memory zone.
     [exec] 
     [exec] "C:/testing/aadsp2_projekat/Models/SULDWavTemplate/src/main.c", line 38: warning #4007: Pointer to unspecified memory zone.
     [exec] 
     [exec] "C:/testing/aadsp2_projekat/Models/SULDWavTemplate/src/main.c", line 50: info: This array indexing or structure field access is not compiled to utilize AGU. Compiler might optimize it better if you code it using pointers.
     [exec] 
     [exec] "C:/testing/aadsp2_projekat/Models/SULDWavTemplate/src/main.c", line 51: info: This array indexing or structure field access is not compiled to utilize AGU. Compiler might optimize it better if you code it using pointers.
     [exec] 
     [exec] "C:/testing/aadsp2_projekat/Models/SULDWavTemplate/src/main.c", line 55: info: SRS is used at this line.
     [exec] 
     [exec] "C:/testing/aadsp2_p
     [exec] rojekat/Models/SULDWavTemplate/src/main.c", line 127: info: Call to runtime function __div. Look at the separate document for information how to avoid this call.
     [exec] 
     [exec] "C:/testing/aadsp2_projekat/Models/SULDWavTemplate/src/main.c", line 134: info: SRS is used at this line.
     [exec] 
     [exec] "C:/testing/aadsp2_projekat/Models/SULDWavTemplate/src/main.c", line 147: info: SRS is used at this line.
     [exec] 
     [exec] FRONT END TIME: 1 seconds
     [exec] BACK  END TIME: 0 seconds
     [exec] 
Assembling .a and .s files...
C:/testing/aadsp2_projekat/Models/SULDWavTemplate/output/standalone/src/main.s
C:/CirrusDSP/bin/casm C:/testing/aadsp2_projekat/Models/SULDWavTemplate/output/standalone/src/main.s
 --debug
 -c
 -s
 -e
 -D_TOOLS_VERSION_=0x0701
 -D_SLOT_=0
 -D_OVLY_=standalone
 -D_OVLY_REVISION_=020000
 -D_VERSION_=00
 -D_DSP_=a
 -D_COMMON_INC_PATH_=C:/CirrusDSP/crystal32/common/inc/
 -D_TARGET_FAMILY_=crystal32
 -D_MUI_VERSION_=020000
 -IC:/CirrusDSP/include/
 -IC:/CirrusDSP/include/dsplib/
 -IC:/testing/aadsp2_projekat/Models/SULDWavTemplate/inc/
 -lC:/testing/aadsp2_projekat/Models/SULDWavTemplate/output/standalone/src/main.lst
 -oC:/testing/aadsp2_projekat/Models/SULDWavTemplate/output/standalone/src/main.O
 -iC:/CirrusDSP/crystal32/common/inc/base.h
 -D_LOCAL_SRC_PATH_=src/
 -D_LOCAL_INC_PATH_=inc/
 -D_ROUTER_INC_PATH_=rom_inc/
Linking files...
C:/CirrusDSP/bin/clink
 -oC:/testing/aadsp2_projekat/Models/SULDWavTemplate/output/standalone/model3.img
 -fC:/CirrusDSP/crystal32/memory_maps/v00.mem.xml
 --output_type=RAM
 --overlay_type=standalone
 -lC:/CirrusDSP/lib/
 -lC:/CirrusDSP/lib/dsplib
 -lC:/CirrusDSP/lib/dsplib/crystal32/
C:/testing/aadsp2_projekat/Models/SULDWavTemplate/output/standalone/src/distortion.O
C:/testing/aadsp2_projekat/Models/SULDWavTemplate/output/standalone/src/main.O
C:/testing/aadsp2_projekat/Models/SULDWavTemplate/output/standalone/src/processing.O
     [exec] Warning #507: Unknown class: Y_OS_CC_GLOBALS
     [exec]             for the segment: CC_HEAPSTEAL_VALUES
     [exec]             from the module: C:\CirrusDSP\lib\dsplib\crystal32\cl_heapsteal.O
     [exec] 
     [exec] List of linked library's modules:
     [exec] C:\CirrusDSP\lib\crt0.o
     [exec] C:\CirrusDSP\lib\div.o
     [exec] C:\CirrusDSP\lib\exit.o
     [exec] C:\CirrusDSP\lib\int_to_laccum.o
     [exec] C:\CirrusDSP\lib\memset_x.o
     [exec] C:\CirrusDSP\lib\mul_sat_laccum.o
     [exec] C:\CirrusDSP\lib\mul_sat_ulaccum.o
     [exec] C:\CirrusDSP\lib\simulator_stack.o
     [exec] C:\CirrusDSP\lib\strcpy_x2x.o
     [exec] C:\CirrusDSP\lib\udiv.o
     [exec] C:\CirrusDSP\lib\dsplib\crystal32\cl_wavread_bits_per_sample.o
     [exec] C:\CirrusDSP\lib\dsplib\crystal32\cl_wavread_close.o
     [exec] C:\CirrusDSP\lib\dsplib\crystal32\cl_wavread_frame_rate.o
     [exec] C:\CirrusDSP\lib\dsplib\crystal32\cl_wavread_getnchannels.o
     [exec] C:\CirrusDSP\lib\dsplib\crystal32\cl_wavread_number_of_frames.o
     [exec] C:\CirrusDSP\lib\dsplib\crystal32\cl_wavread_open.o
     [exec] C:\CirrusDSP\lib\dsplib\crystal32\cl_wavread_recvsample.o
     [exec] C:\CirrusDSP\lib\dsplib\crystal32\cl_wavwrite_close.o
     [exec] C:\CirrusDSP\lib\dsplib\crystal32\cl_wavwrite_open.o
     [exec] C:\CirrusDSP\lib\dsplib\crystal32\cl_wavwrite_sendsample.o
     [exec] C:\CirrusDSP\lib\dsplib\crystal32\printf.o
Creating .uld file...
C:/CirrusDSP/bin/lnkuld
 -ja
 C:/testing/aadsp2_projekat/Models/SULDWavTemplate/output/standalone/model3.img
 C:/testing/aadsp2_projekat/Models/SULDWavTemplate/output/standalone/model3.uld
     [exec] 
     [exec] Reading file: C:/testing/aadsp2_projekat/Models/SULDWavTemplate/output/standalone/model3.img ...
     [exec] 	Processed 779 line(s).
     [exec] 
     [exec] Writing output to file: C:/testing/aadsp2_projekat/Models/SULDWavTemplate/output/standalone/model3.uld ...
     [exec] 
     [exec] Done!
     [exec] 
     [exec] Writing output to file: C:/testing/aadsp2_projekat/Models/SULDWavTemplate/output/standalone/model3.uldb ...
     [exec] 
     [exec] Done!
     [exec] 
     [exec] Writing output to file: C:/testing/aadsp2_projekat/Models/SULDWavTemplate/output/standalone/model3.uldc ...

BUILD SUCCESSFUL
Total time: 3 seconds
