C:\testing\aadsp2_projekat\Models\model1\Debug\model1.pdb
C:\testing\aadsp2_projekat\Models\model1\model1\Debug\cl.command.1.tlog
C:\testing\aadsp2_projekat\Models\model1\model1\Debug\CL.read.1.tlog
C:\testing\aadsp2_projekat\Models\model1\model1\Debug\CL.write.1.tlog
C:\testing\aadsp2_projekat\Models\model1\model1\Debug\link.5444.read.1.tlog
C:\testing\aadsp2_projekat\Models\model1\model1\Debug\link.5444.write.1.tlog
C:\testing\aadsp2_projekat\Models\model1\model1\Debug\link.5444-cvtres.read.1.tlog
C:\testing\aadsp2_projekat\Models\model1\model1\Debug\link.5444-cvtres.write.1.tlog
C:\testing\aadsp2_projekat\Models\model1\model1\Debug\link.command.1.tlog
C:\testing\aadsp2_projekat\Models\model1\model1\Debug\link.read.1.tlog
C:\testing\aadsp2_projekat\Models\model1\model1\Debug\link.write.1.tlog
C:\testing\aadsp2_projekat\Models\model1\model1\Debug\link-cvtres.read.1.tlog
C:\testing\aadsp2_projekat\Models\model1\model1\Debug\link-cvtres.write.1.tlog
C:\TESTING\AADSP2_PROJEKAT\MODELS\MODEL1\MODEL1\DEBUG\MAIN.OBJ
C:\TESTING\AADSP2_PROJEKAT\MODELS\MODEL1\MODEL1\DEBUG\MODEL1.EXE.EMBED.MANIFEST
C:\TESTING\AADSP2_PROJEKAT\MODELS\MODEL1\MODEL1\DEBUG\MODEL1.EXE.EMBED.MANIFEST.RES
C:\testing\aadsp2_projekat\Models\model1\model1\Debug\model1.exe.intermediate.manifest
C:\testing\aadsp2_projekat\Models\model1\model1\Debug\model1.write.1.tlog
C:\testing\aadsp2_projekat\Models\model1\model1\Debug\model1_manifest.rc
C:\testing\aadsp2_projekat\Models\model1\model1\Debug\mt.command.1.tlog
C:\testing\aadsp2_projekat\Models\model1\model1\Debug\mt.read.1.tlog
C:\testing\aadsp2_projekat\Models\model1\model1\Debug\mt.write.1.tlog
C:\testing\aadsp2_projekat\Models\model1\model1\Debug\rc.command.1.tlog
C:\testing\aadsp2_projekat\Models\model1\model1\Debug\rc.read.1.tlog
C:\testing\aadsp2_projekat\Models\model1\model1\Debug\rc.write.1.tlog
C:\testing\aadsp2_projekat\Models\model1\model1\Debug\vc100.idb
C:\TESTING\AADSP2_PROJEKAT\MODELS\MODEL1\MODEL1\DEBUG\VC100.PDB
C:\testing\aadsp2_projekat\Models\model1\model1\Debug\vc141.idb
C:\testing\aadsp2_projekat\Models\model1\model1\Debug\vc141.pdb
C:\TESTING\AADSP2_PROJEKAT\MODELS\MODEL1\MODEL1\DEBUG\WAVHEADER.OBJ
