C:\AADSP2_PROJEKAT\MODELS\MODEL1\DEBUG\MODEL1.EXE
C:\AADSP2_PROJEKAT\MODELS\MODEL1\DEBUG\MODEL1.ILK
C:\AADSP2_PROJEKAT\MODELS\MODEL1\DEBUG\MODEL1.PDB
C:\AADSP2_PROJEKAT\MODELS\MODEL1\MODEL1\DEBUG\DISTORTION.OBJ
C:\AADSP2_PROJEKAT\MODELS\MODEL1\MODEL1\DEBUG\MAIN.OBJ
C:\AADSP2_PROJEKAT\MODELS\MODEL1\MODEL1\DEBUG\MODEL1.EXE.EMBED.MANIFEST
C:\AADSP2_PROJEKAT\MODELS\MODEL1\MODEL1\DEBUG\MODEL1.EXE.EMBED.MANIFEST.RES
C:\AADSP2_PROJEKAT\MODELS\MODEL1\MODEL1\DEBUG\MODEL1.EXE.INTERMEDIATE.MANIFEST
C:\AADSP2_PROJEKAT\MODELS\MODEL1\MODEL1\DEBUG\VC100.PDB
C:\AADSP2_PROJEKAT\MODELS\MODEL1\MODEL1\DEBUG\WAVHEADER.OBJ
C:\TESTING\AADSP2_PROJEKAT\MODELS\MODEL1\DEBUG\MODEL1.EXE
C:\TESTING\AADSP2_PROJEKAT\MODELS\MODEL1\DEBUG\MODEL1.ILK
C:\TESTING\AADSP2_PROJEKAT\MODELS\MODEL1\DEBUG\MODEL1.PDB
C:\testing\aadsp2_projekat\Models\model1\model1\Debug\cl.command.1.tlog
C:\testing\aadsp2_projekat\Models\model1\model1\Debug\CL.read.1.tlog
C:\testing\aadsp2_projekat\Models\model1\model1\Debug\CL.write.1.tlog
C:\testing\aadsp2_projekat\Models\model1\model1\Debug\distortion.obj
C:\testing\aadsp2_projekat\Models\model1\model1\Debug\link.6184.read.1.tlog
C:\testing\aadsp2_projekat\Models\model1\model1\Debug\link.6184.write.1.tlog
C:\testing\aadsp2_projekat\Models\model1\model1\Debug\link.6184-cvtres.read.1.tlog
C:\testing\aadsp2_projekat\Models\model1\model1\Debug\link.6184-cvtres.write.1.tlog
C:\testing\aadsp2_projekat\Models\model1\model1\Debug\link.command.1.tlog
C:\testing\aadsp2_projekat\Models\model1\model1\Debug\link.read.1.tlog
C:\testing\aadsp2_projekat\Models\model1\model1\Debug\link.write.1.tlog
C:\testing\aadsp2_projekat\Models\model1\model1\Debug\link-cvtres.read.1.tlog
C:\testing\aadsp2_projekat\Models\model1\model1\Debug\link-cvtres.write.1.tlog
C:\TESTING\AADSP2_PROJEKAT\MODELS\MODEL1\MODEL1\DEBUG\MAIN.OBJ
C:\testing\aadsp2_projekat\Models\model1\model1\Debug\model1.exe.embed.manifest
C:\TESTING\AADSP2_PROJEKAT\MODELS\MODEL1\MODEL1\DEBUG\MODEL1.EXE.EMBED.MANIFEST.RES
C:\TESTING\AADSP2_PROJEKAT\MODELS\MODEL1\MODEL1\DEBUG\MODEL1.EXE.INTERMEDIATE.MANIFEST
C:\testing\aadsp2_projekat\Models\model1\model1\Debug\model1.vcxprojResolveAssemblyReference.cache
C:\testing\aadsp2_projekat\Models\model1\model1\Debug\model1.write.1.tlog
C:\testing\aadsp2_projekat\Models\model1\model1\Debug\model1_manifest.rc
C:\testing\aadsp2_projekat\Models\model1\model1\Debug\mt.command.1.tlog
C:\testing\aadsp2_projekat\Models\model1\model1\Debug\mt.read.1.tlog
C:\testing\aadsp2_projekat\Models\model1\model1\Debug\mt.write.1.tlog
C:\testing\aadsp2_projekat\Models\model1\model1\Debug\rc.command.1.tlog
C:\testing\aadsp2_projekat\Models\model1\model1\Debug\rc.read.1.tlog
C:\testing\aadsp2_projekat\Models\model1\model1\Debug\rc.write.1.tlog
C:\testing\aadsp2_projekat\Models\model1\model1\Debug\vc100.idb
C:\TESTING\AADSP2_PROJEKAT\MODELS\MODEL1\MODEL1\DEBUG\VC100.PDB
C:\TESTING\AADSP2_PROJEKAT\MODELS\MODEL1\MODEL1\DEBUG\WAVHEADER.OBJ
