Build started 5.3.2018 14:11:54.
     1>Project "C:\aadsp2_projekat\Models\ProcessWavFile\ProcessWavFile\ProcessWavFile.vcxproj" on node 2 (build target(s)).
       Project file contains ToolsVersion="15.0". This toolset may be unknown or missing, in which case you may be able to resolve this by installing the appropriate version of MSBuild, or the build may have been forced to a particular ToolsVersion for policy reasons. Treating the project as if it had ToolsVersion="4.0". For more information, please see http://go.microsoft.com/fwlink/?LinkId=291333.
     1>InitializeBuildStatus:
         Creating "Debug\ProcessWavFile.unsuccessfulbuild" because "AlwaysCreate" was specified.
       ClCompile:
         C:\Program Files (x86)\Microsoft Visual Studio 10.0\VC\bin\CL.exe /c /ZI /nologo /W3 /WX- /Od /Oy- /D WIN32 /D _DEBUG /D _CONSOLE /Gm /EHsc /RTC1 /MDd /GS /fp:precise /Zc:wchar_t /Zc:forScope /Fo"Debug\\" /Fd"Debug\vc100.pdb" /Gd /TP /analyze- /errorReport:prompt main.cpp
         main.cpp
     1>c:\aadsp2_projekat\models\processwavfile\processwavfile\main.cpp(127): warning C4996: 'strcpy': This function or variable may be unsafe. Consider using strcpy_s instead. To disable deprecation, use _CRT_SECURE_NO_WARNINGS. See online help for details.
                 c:\program files (x86)\microsoft visual studio 10.0\vc\include\string.h(105) : see declaration of 'strcpy'
     1>c:\aadsp2_projekat\models\processwavfile\processwavfile\main.cpp(129): warning C4996: 'strcpy': This function or variable may be unsafe. Consider using strcpy_s instead. To disable deprecation, use _CRT_SECURE_NO_WARNINGS. See online help for details.
                 c:\program files (x86)\microsoft visual studio 10.0\vc\include\string.h(105) : see declaration of 'strcpy'
     1>c:\aadsp2_projekat\models\processwavfile\processwavfile\main.cpp(199): warning C4244: '=' : conversion from 'double' to 'int', possible loss of data
       ManifestResourceCompile:
         All outputs are up-to-date.
       Link:
         C:\Program Files (x86)\Microsoft Visual Studio 10.0\VC\bin\link.exe /ERRORREPORT:PROMPT /OUT:"C:\aadsp2_projekat\Models\ProcessWavFile\Debug\ProcessWavFile.exe" /INCREMENTAL /NOLOGO /MANIFEST /ManifestFile:"Debug\ProcessWavFile.exe.intermediate.manifest" /MANIFESTUAC:"level='asInvoker' uiAccess='false'" /DEBUG /PDB:"C:\aadsp2_projekat\Models\ProcessWavFile\Debug\ProcessWavFile.pdb" /SUBSYSTEM:CONSOLE /TLBID:1 /DYNAMICBASE /NXCOMPAT /IMPLIB:"C:\aadsp2_projekat\Models\ProcessWavFile\Debug\ProcessWavFile.lib" /MACHINE:X86 Debug\ProcessWavFile.exe.embed.manifest.res
         Debug\distortion.obj
         Debug\main.obj
         Debug\WAVheader.obj
       Manifest:
         C:\Program Files (x86)\Microsoft SDKs\Windows\v7.0A\bin\mt.exe /nologo /verbose /out:"Debug\ProcessWavFile.exe.embed.manifest" /manifest Debug\ProcessWavFile.exe.intermediate.manifest "C:\Program Files (x86)\Microsoft Visual Studio 10.0\VC\Include\Manifest\dpiaware.manifest"
         All outputs are up-to-date.
       LinkEmbedManifest:
         All outputs are up-to-date.
         ProcessWavFile.vcxproj -> C:\aadsp2_projekat\Models\ProcessWavFile\Debug\ProcessWavFile.exe
       FinalizeBuildStatus:
         Deleting file "Debug\ProcessWavFile.unsuccessfulbuild".
         Touching "Debug\ProcessWavFile.lastbuildstate".
     1>Done Building Project "C:\aadsp2_projekat\Models\ProcessWavFile\ProcessWavFile\ProcessWavFile.vcxproj" (build target(s)).

Build succeeded.

Time Elapsed 00:00:00.73
