1     	 0000					.extern ___C_STACK_BG
2     	 0000					.extern ___C_STACK_FG
3     	 0000					.extern ___X_BL_TEMPBUFF
4     	 0000					.extern ___X_BL_TEMPBUFF0
5     	 0000					.extern ___X_BL_TEMPBUFF1
6     	 0000					.extern ___X_BL_TEMPBUFF10
7     	 0000					.extern ___X_BL_TEMPBUFF11
8     	 0000					.extern ___X_BL_TEMPBUFF12
9     	 0000					.extern ___X_BL_TEMPBUFF13
10    	 0000					.extern ___X_BL_TEMPBUFF14
11    	 0000					.extern ___X_BL_TEMPBUFF15
12    	 0000					.extern ___X_BL_TEMPBUFF2
13    	 0000					.extern ___X_BL_TEMPBUFF3
14    	 0000					.extern ___X_BL_TEMPBUFF4
15    	 0000					.extern ___X_BL_TEMPBUFF5
16    	 0000					.extern ___X_BL_TEMPBUFF6
17    	 0000					.extern ___X_BL_TEMPBUFF7
18    	 0000					.extern ___X_BL_TEMPBUFF8
19    	 0000					.extern ___X_BL_TEMPBUFF9
20    	 0000					.extern ___X_BX_TEMPBUFF
21    	 0000					.extern ___X_BX_TEMPBUFF0
22    	 0000					.extern ___X_BX_TEMPBUFF1
23    	 0000					.extern ___X_BX_TEMPBUFF10
24    	 0000					.extern ___X_BX_TEMPBUFF11
25    	 0000					.extern ___X_BX_TEMPBUFF12
26    	 0000					.extern ___X_BX_TEMPBUFF13
27    	 0000					.extern ___X_BX_TEMPBUFF14
28    	 0000					.extern ___X_BX_TEMPBUFF15
29    	 0000					.extern ___X_BX_TEMPBUFF2
30    	 0000					.extern ___X_BX_TEMPBUFF3
31    	 0000					.extern ___X_BX_TEMPBUFF4
32    	 0000					.extern ___X_BX_TEMPBUFF5
33    	 0000					.extern ___X_BX_TEMPBUFF6
34    	 0000					.extern ___X_BX_TEMPBUFF7
35    	 0000					.extern ___X_BX_TEMPBUFF8
36    	 0000					.extern ___X_BX_TEMPBUFF9
37    	 0000					.extern ___X_BY_IOBUFFER_PTRS
38    	 0000					.extern ___X_BY_TEMPBUFF
39    	 0000					.extern ___X_BY_TEMPBUFF0
40    	 0000					.extern ___X_BY_TEMPBUFF1
41    	 0000					.extern ___X_BY_TEMPBUFF10
42    	 0000					.extern ___X_BY_TEMPBUFF11
43    	 0000					.extern ___X_BY_TEMPBUFF12
44    	 0000					.extern ___X_BY_TEMPBUFF13
45    	 0000					.extern ___X_BY_TEMPBUFF14
46    	 0000					.extern ___X_BY_TEMPBUFF15
47    	 0000					.extern ___X_BY_TEMPBUFF2
48    	 0000					.extern ___X_BY_TEMPBUFF3
49    	 0000					.extern ___X_BY_TEMPBUFF4
50    	 0000					.extern ___X_BY_TEMPBUFF5
51    	 0000					.extern ___X_BY_TEMPBUFF6
52    	 0000					.extern ___X_BY_TEMPBUFF7
53    	 0000					.extern ___X_BY_TEMPBUFF8
54    	 0000					.extern ___X_BY_TEMPBUFF9
55    	 0000					.extern ___X_VX_NEXTFRM_REINIT_REQ
56    	 0000					.extern ___X_VX_PPM_INPUTMODE
57    	 0000					.extern ___X_VX_PPM_INPUT_CHANNELS
58    	 0000					.extern ___X_VX_PPM_OUTPUTMODE
59    	 0000					.extern ___X_VX_PPM_OUTPUT_CHANNELS
60    	 0000					.extern ___X_VX_PPM_SAMPLERATE
61    	 0000					.extern ___X_VX_PPM_VALID_CHANNELS
62    	 0000					.extern ___X_VX_REINIT
63    	 0000					.extern ___X_VX_UNDERFLOW
64    	 0000					.extern _frame_mcv
65    	 0000					.extern _frame_mcv_HOST
66    	 0000					.public _frame_mif
67    	 0000					.extern _frame_background
68    	 0000					.extern _frame_brick
69    	 0000					.extern _frame_frame
70    	 0000					.extern _frame_postKickstart
71    	 0000					.extern _frame_postMallocInit
72    	 0000					.extern _frame_preKickstart
73    	 0000					.extern _frame_preMallocInit
74    	 0000					.extern _frame_timer
75    						Y_frame_mct	.ydata_ovly
75     >> start of macro: .ydata_ovly
1+    									seg_single Y_frame_mct, "Y_OVLY", Y
1+     >> start of macro: seg_single
1+    						  .if ( "Y_frame_mct" != "" ) & defined( ___SegStart_Y_Y_frame_mct )
2+    						Y_frame_mct    segment
3+    						  .else
4+    						Y_frame_mct    segment "Y_OVLY"
5+    							.if "Y_frame_mct" != ""
6+    	 0000				___SegStart_Y_Y_frame_mct
7+    							.endif
8+    						  .endif
9+    							#RememberSegmentType
10+    >> end of macro: seg_single
2+     >> end of macro: .ydata_ovly
76    	 0000				_frame_mct
77    	 0000					.dw _frame_preKickstart
	 0000	 00000000	 
78    	 0001					.dw _frame_postKickstart
	 0001	 00000000	 
79    	 0002					.dw _frame_timer
	 0002	 00000000	 
80    	 0003					.dw _frame_frame
	 0003	 00000000	 
81    	 0004					.dw _frame_brick
	 0004	 00000000	 
82    	 0005					.dw  (0x0)
	 0005	 00000000	 
83    	 0006					.dw _frame_background
	 0006	 00000000	 
84    	 0007					.dw _frame_postMallocInit
	 0007	 00000000	 
85    	 0008					.dw _frame_preMallocInit
	 0008	 00000000	 
86    						Y_frame_mif	.ydata_ovly
86     >> start of macro: .ydata_ovly
1+    									seg_single Y_frame_mif, "Y_OVLY", Y
1+     >> start of macro: seg_single
1+    						  .if ( "Y_frame_mif" != "" ) & defined( ___SegStart_Y_Y_frame_mif )
2+    						Y_frame_mif    segment
3+    						  .else
4+    						Y_frame_mif    segment "Y_OVLY"
5+    							.if "Y_frame_mif" != ""
6+    	 0000				___SegStart_Y_Y_frame_mif
7+    							.endif
8+    						  .endif
9+    							#RememberSegmentType
10+    >> end of macro: seg_single
2+     >> end of macro: .ydata_ovly
87    	 0000				_frame_mif
88    	 0000					.dw _frame_mcv_HOST
	 0000	 00000000	 
89    	 0001					.dw _frame_mct
	 0001	 00000000	 
90    	 0002					.dw  (0x0)
	 0002	 00000000	 
91    	 0003					.dw  (0x0)
	 0003	 00000000	 
92    	 0004					.dw  (0x0)
	 0004	 00000000	 
93    	 0005					.dw  (0x0)
	 0005	 00000000	 
94    	 0006					.dw  (0x0)
	 0006	 00000000	 
95    	 0007					.dw  (0x0)
	 0007	 00000000	 
96    							.code_ovly
96     >> start of macro: .code_ovly
1+    									seg_single , "CODE_OVLY", CODE
1+     >> start of macro: seg_single
1+    						  .if ( "" != "" ) & defined( ___SegStart_CODE_ )
2+    						    segment
3+    						  .else
4+    						    segment "CODE_OVLY"
5+    							.if "" != ""
6+    						___SegStart_CODE_
7+    							.endif
8+    						  .endif
9+    							#RememberSegmentType
10+    >> end of macro: seg_single
2+     >> end of macro: .code_ovly
97    						(null)
				 SYMBOL TABLE 

    Name                                                                                    Type                  Value 

Y_frame_mct                                                                     			  Unused Relocatable        Y_frame_mct:0000H
Y_frame_mif                                                                     			  Unused Relocatable        Y_frame_mif:0000H
_COMMON_INC_PATH_                                                               					 Define                 "C:/CirrusDSP/crystal32/common/inc/"
_DSP_                                                                           			  Unused Variable		        0 (0H)
_LOCAL_INC_PATH_                                                                					 Define                 "inc/"
_LOCAL_SRC_PATH_                                                                					 Define                 "src/"
_ROUTER_INC_PATH_                                                               					 Define                 "rom_inc/"
__CASM_VER__                                                                    			  Unused Variable		        0 (701H)
___C_STACK_BG                                                                   					 External   
___C_STACK_FG                                                                   					 External   
___SegStart_Y_Y_frame_mct                                                       			  Unused Relocatable        Y_frame_mct:0000H
___SegStart_Y_Y_frame_mif                                                       			  Unused Relocatable        Y_frame_mif:0000H
___X_BL_TEMPBUFF                                                                					 External   
___X_BL_TEMPBUFF0                                                               					 External   
___X_BL_TEMPBUFF1                                                               					 External   
___X_BL_TEMPBUFF10                                                              					 External   
___X_BL_TEMPBUFF11                                                              					 External   
___X_BL_TEMPBUFF12                                                              					 External   
___X_BL_TEMPBUFF13                                                              					 External   
___X_BL_TEMPBUFF14                                                              					 External   
___X_BL_TEMPBUFF15                                                              					 External   
___X_BL_TEMPBUFF2                                                               					 External   
___X_BL_TEMPBUFF3                                                               					 External   
___X_BL_TEMPBUFF4                                                               					 External   
___X_BL_TEMPBUFF5                                                               					 External   
___X_BL_TEMPBUFF6                                                               					 External   
___X_BL_TEMPBUFF7                                                               					 External   
___X_BL_TEMPBUFF8                                                               					 External   
___X_BL_TEMPBUFF9                                                               					 External   
___X_BX_TEMPBUFF                                                                					 External   
___X_BX_TEMPBUFF0                                                               					 External   
___X_BX_TEMPBUFF1                                                               					 External   
___X_BX_TEMPBUFF10                                                              					 External   
___X_BX_TEMPBUFF11                                                              					 External   
___X_BX_TEMPBUFF12                                                              					 External   
___X_BX_TEMPBUFF13                                                              					 External   
___X_BX_TEMPBUFF14                                                              					 External   
___X_BX_TEMPBUFF15                                                              					 External   
___X_BX_TEMPBUFF2                                                               					 External   
___X_BX_TEMPBUFF3                                                               					 External   
___X_BX_TEMPBUFF4                                                               					 External   
___X_BX_TEMPBUFF5                                                               					 External   
___X_BX_TEMPBUFF6                                                               					 External   
___X_BX_TEMPBUFF7                                                               					 External   
___X_BX_TEMPBUFF8                                                               					 External   
___X_BX_TEMPBUFF9                                                               					 External   
___X_BY_IOBUFFER_PTRS                                                           					 External   
___X_BY_TEMPBUFF                                                                					 External   
___X_BY_TEMPBUFF0                                                               					 External   
___X_BY_TEMPBUFF1                                                               					 External   
___X_BY_TEMPBUFF10                                                              					 External   
___X_BY_TEMPBUFF11                                                              					 External   
___X_BY_TEMPBUFF12                                                              					 External   
___X_BY_TEMPBUFF13                                                              					 External   
___X_BY_TEMPBUFF14                                                              					 External   
___X_BY_TEMPBUFF15                                                              					 External   
___X_BY_TEMPBUFF2                                                               					 External   
___X_BY_TEMPBUFF3                                                               					 External   
___X_BY_TEMPBUFF4                                                               					 External   
___X_BY_TEMPBUFF5                                                               					 External   
___X_BY_TEMPBUFF6                                                               					 External   
___X_BY_TEMPBUFF7                                                               					 External   
___X_BY_TEMPBUFF8                                                               					 External   
___X_BY_TEMPBUFF9                                                               					 External   
___X_VX_NEXTFRM_REINIT_REQ                                                      					 External   
___X_VX_PPM_INPUTMODE                                                           					 External   
___X_VX_PPM_INPUT_CHANNELS                                                      					 External   
___X_VX_PPM_OUTPUTMODE                                                          					 External   
___X_VX_PPM_OUTPUT_CHANNELS                                                     					 External   
___X_VX_PPM_SAMPLERATE                                                          					 External   
___X_VX_PPM_VALID_CHANNELS                                                      					 External   
___X_VX_REINIT                                                                  					 External   
___X_VX_UNDERFLOW                                                               					 External   
_frame_background                                                               					 External   
_frame_brick                                                                    					 External   
_frame_frame                                                                    					 External   
_frame_mct                                                                      			         Relocatable         Y_frame_mct:0000H
_frame_mcv                                                                      					 External   
_frame_mcv_HOST                                                                 					 External   
_frame_mif                                                                      			  Public Relocatable       Y_frame_mif:0000H
_frame_postKickstart                                                            					 External   
_frame_postMallocInit                                                           					 External   
_frame_preKickstart                                                             					 External   
_frame_preMallocInit                                                            					 External   
_frame_timer                                                                    					 External   

	       SEGMENTS:

Size			  Name										 Class
0000H	 __INIT                                  			 CODE                                    
0009H	 Y_frame_mct                             			 Y_OVLY                                  
0008H	 Y_frame_mif                             			 Y_OVLY                                  
0000H	 frame_os_interface_GEN_0000             			 CODE_OVLY                               
