============= BUILDING STARTED ============
  Project: Overlay_Simulator
===========================================
Linking files...
C:/CirrusDSP/bin/clink
 -oC:/testing/Overlay_Simulator/output/application/Overlay_Simulator__application_1_0_0.img
 -fC:/CirrusDSP/crystal32/memory_maps/v01.mem.xml
 --output_type=RAM
 --overlay_type=application
 -lC:/CirrusDSP/lib/
 -lC:/CirrusDSP/lib/dsplib
 -lC:/CirrusDSP/lib/dsplib/crystal32/
 -lC:/CirrusDSP/crystal32/common/lib/
C:/testing/Overlay_Simulator/output/application/gen/src/Overlay_Simulator_odt.O
C:/testing/framework/output/frame_1_0_0.olib
     [exec] 
     [exec] List of linked library's modules:
     [exec] C:\CirrusDSP\lib\int_to_laccum.o
     [exec] C:\CirrusDSP\lib\mul_sat_laccum.o
     [exec] C:\CirrusDSP\lib\mul_sat_ulaccum.o
Creating .uld file...
C:/CirrusDSP/bin/lnkuld
 -ja
 C:/testing/Overlay_Simulator/output/application/Overlay_Simulator__application_1_0_0.img
 C:/testing/Overlay_Simulator/output/application/Overlay_Simulator__application_1_0_0.uld
     [exec] 
     [exec] Reading file: C:/testing/Overlay_Simulator/output/application/Overlay_Simulator__application_1_0_0.img ...
     [exec] 	Processed 232 line(s).
     [exec] 
     [exec] Writing output to file: C:/testing/Overlay_Simulator/output/application/Overlay_Simulator__application_1_0_0.uld ...
     [exec] 
     [exec] Done!
     [exec] 
     [exec] Writing output to file: C:/testing/Overlay_Simulator/output/application/Overlay_Simulator__application_1_0_0.uldb ...
     [exec] 
     [exec] Done!
     [exec] 
     [exec] Writing output to file: C:/testing/Overlay_Simulator/output/application/Overlay_Simulator__application_1_0_0.uldc ...

BUILD SUCCESSFUL
Total time: 1 second
