c:\testing\aadsp2_projekat\models\model2\model2\debug\fixed_point_math.obj
c:\testing\aadsp2_projekat\models\model2\model2\debug\main.obj
c:\testing\aadsp2_projekat\models\model2\model2\debug\stdfix_emu.obj
c:\testing\aadsp2_projekat\models\model2\model2\debug\wavheader.obj
c:\testing\aadsp2_projekat\models\model2\model2\debug\vc100.pdb
c:\testing\aadsp2_projekat\models\model2\debug\model2.ilk
c:\testing\aadsp2_projekat\models\model2\debug\model2.exe
c:\testing\aadsp2_projekat\models\model2\model2\debug\model2.exe.intermediate.manifest
c:\testing\aadsp2_projekat\models\model2\debug\model2.pdb
c:\testing\aadsp2_projekat\models\model2\model2\debug\model2.exe.embed.manifest
c:\testing\aadsp2_projekat\models\model2\model2\debug\model2.exe.embed.manifest.res
c:\aadsp2_projekat\models\model2\model2\debug\vc141.pdb
c:\aadsp2_projekat\models\model2\model2\debug\vc141.idb
c:\aadsp2_projekat\models\model2\model2\debug\fixed_point_math.obj
c:\aadsp2_projekat\models\model2\model2\debug\main.obj
c:\aadsp2_projekat\models\model2\model2\debug\stdfix_emu.obj
c:\aadsp2_projekat\models\model2\model2\debug\wavheader.obj
c:\testing\aadsp2_projekat\models\model2\model2\debug\vc141.pdb
c:\testing\aadsp2_projekat\models\model2\model2\debug\vc141.idb
c:\aadsp2_projekat\models\model2\debug\model2.ilk
c:\aadsp2_projekat\models\model2\debug\model2.exe
c:\aadsp2_projekat\models\model2\debug\model2.pdb
c:\testing\aadsp2_projekat\models\model2\model2\debug\model2.vcxprojresolveassemblyreference.cache
c:\testing\aadsp2_projekat\models\model2\model2\debug\cl.command.1.tlog
c:\testing\aadsp2_projekat\models\model2\model2\debug\cl.read.1.tlog
c:\testing\aadsp2_projekat\models\model2\model2\debug\cl.write.1.tlog
c:\testing\aadsp2_projekat\models\model2\model2\debug\link-cvtres.read.1.tlog
c:\testing\aadsp2_projekat\models\model2\model2\debug\link-cvtres.write.1.tlog
c:\testing\aadsp2_projekat\models\model2\model2\debug\link.6940-cvtres.read.1.tlog
c:\testing\aadsp2_projekat\models\model2\model2\debug\link.6940-cvtres.write.1.tlog
c:\testing\aadsp2_projekat\models\model2\model2\debug\link.6940.read.1.tlog
c:\testing\aadsp2_projekat\models\model2\model2\debug\link.6940.write.1.tlog
c:\testing\aadsp2_projekat\models\model2\model2\debug\link.command.1.tlog
c:\testing\aadsp2_projekat\models\model2\model2\debug\link.read.1.tlog
c:\testing\aadsp2_projekat\models\model2\model2\debug\link.write.1.tlog
c:\testing\aadsp2_projekat\models\model2\model2\debug\model2.write.1.tlog
c:\testing\aadsp2_projekat\models\model2\model2\debug\mt.command.1.tlog
c:\testing\aadsp2_projekat\models\model2\model2\debug\mt.read.1.tlog
c:\testing\aadsp2_projekat\models\model2\model2\debug\mt.write.1.tlog
c:\testing\aadsp2_projekat\models\model2\model2\debug\rc.command.1.tlog
c:\testing\aadsp2_projekat\models\model2\model2\debug\rc.read.1.tlog
c:\testing\aadsp2_projekat\models\model2\model2\debug\rc.write.1.tlog
c:\testing\aadsp2_projekat\models\model2\model2\debug\vc100.idb
c:\testing\aadsp2_projekat\models\model2\model2\debug\model2_manifest.rc
c:\testing\aadsp2_projekat\models\model2\model2\debug\model2.tlog\cl.command.1.tlog
c:\testing\aadsp2_projekat\models\model2\model2\debug\model2.tlog\cl.read.1.tlog
c:\testing\aadsp2_projekat\models\model2\model2\debug\model2.tlog\cl.write.1.tlog
c:\testing\aadsp2_projekat\models\model2\model2\debug\model2.tlog\link.command.1.tlog
c:\testing\aadsp2_projekat\models\model2\model2\debug\model2.tlog\link.delete.1.tlog
c:\testing\aadsp2_projekat\models\model2\model2\debug\model2.tlog\link.read.1.tlog
c:\testing\aadsp2_projekat\models\model2\model2\debug\model2.tlog\link.write.1.tlog
